#
# There is insufficient memory for the Java Runtime Environment to continue.
# Native memory allocation (mmap) failed to map 134217728 bytes for G1 virtual space
# Possible reasons:
#   The system is out of physical RAM or swap space
#   The process is running with CompressedOops enabled, and the Java Heap may be blocking the growth of the native heap
# Possible solutions:
#   Reduce memory load on the system
#   Increase physical memory or swap space
#   Check if swap backing store is full
#   Decrease Java heap size (-Xmx/-Xms)
#   Decrease number of Java threads
#   Decrease Java thread stack sizes (-Xss)
#   Set larger code cache with -XX:ReservedCodeCacheSize=
#   JVM is running with Unscaled Compressed Oops mode in which the Java heap is
#     placed in the first 4GB address space. The Java Heap base address is the
#     maximum limit for the native heap growth. Please use -XX:HeapBaseMinAddress
#     to set the Java Heap base and to place the Java Heap above 4GB virtual address.
# This output file may be truncated or incomplete.
#
#  Out of Memory Error (os_windows.cpp:3559), pid=35824, tid=37364
#
# JRE version:  (17.0.7+7) (build )
# Java VM: OpenJDK 64-Bit Server VM (17.0.7+7, mixed mode, sharing, tiered, compressed oops, compressed class ptrs, g1 gc, windows-amd64)
# No core dump will be written. Minidumps are not enabled by default on client versions of Windows
#

---------------  S U M M A R Y ------------

Command Line: -Dfile.encoding=UTF-8 -XX:+ShowCodeDetailsInExceptionMessages aula03.DoWhile

Host: Intel(R) Core(TM) i5-8265U CPU @ 1.60GHz, 8 cores, 7G,  Windows 11 , 64 bit Build 22621 (10.0.22621.2199)
Time: Wed Oct  4 19:56:53 2023 Hora oficial do Brasil elapsed time: 0.028023 seconds (0d 0h 0m 0s)

---------------  T H R E A D  ---------------

Current thread (0x0000019443cd6b60):  JavaThread "Unknown thread" [_thread_in_vm, id=37364, stack(0x0000005511400000,0x0000005511500000)]

Stack: [0x0000005511400000,0x0000005511500000]
Native frames: (J=compiled Java code, j=interpreted, Vv=VM code, C=native code)
V  [jvm.dll+0x67754a]
V  [jvm.dll+0x834304]
V  [jvm.dll+0x835aae]
V  [jvm.dll+0x836113]
V  [jvm.dll+0x24696f]
V  [jvm.dll+0x6743f9]
V  [jvm.dll+0x668c8a]
V  [jvm.dll+0x3061bb]
V  [jvm.dll+0x30d6a6]
V  [jvm.dll+0x35cece]
V  [jvm.dll+0x35d0ff]
V  [jvm.dll+0x2dd048]
V  [jvm.dll+0x2ddfb4]
V  [jvm.dll+0x8066d1]
V  [jvm.dll+0x36ac91]
V  [jvm.dll+0x7e5cec]
V  [jvm.dll+0x3ed56f]
V  [jvm.dll+0x3ef0a1]
C  [jli.dll+0x528b]
C  [ucrtbase.dll+0x29363]
C  [KERNEL32.DLL+0x1257d]
C  [ntdll.dll+0x5aa78]


---------------  P R O C E S S  ---------------

Threads class SMR info:
_java_thread_list=0x00007ffd22327018, length=0, elements={
}

Java Threads: ( => current thread )

Other Threads:
  0x0000019443d35000 GCTaskThread "GC Thread#0" [stack: 0x0000005511500000,0x0000005511600000] [id=22172]
  0x0000019443d46320 ConcurrentGCThread "G1 Main Marker" [stack: 0x0000005511600000,0x0000005511700000] [id=12708]
  0x0000019443d46d30 ConcurrentGCThread "G1 Conc#0" [stack: 0x0000005511700000,0x0000005511800000] [id=39468]

[error occurred during error reporting (printing all threads), id 0xc0000005, EXCEPTION_ACCESS_VIOLATION (0xc0000005) at pc=0x00007ffd21afdaf7]

VM state: not at safepoint (not fully initialized)

VM Mutex/Monitor currently owned by a thread:  ([mutex/lock_event])
[0x0000019443cd1350] Heap_lock - owner thread: 0x0000019443cd6b60

Heap address: 0x0000000081e00000, size: 2018 MB, Compressed Oops mode: 32-bit

CDS archive(s) mapped at: [0x0000000000000000-0x0000000000000000-0x0000000000000000), size 0, SharedBaseAddress: 0x0000000800000000, ArchiveRelocationMode: 0.
Narrow klass base: 0x0000000000000000, Narrow klass shift: 0, Narrow klass range: 0x0

GC Precious Log:
<Empty>

Heap:
 garbage-first heap   total 0K, used 0K [0x0000000081e00000, 0x0000000100000000)
  region size 1024K, 0 young (0K), 0 survivors (0K)

[error occurred during error reporting (printing heap information), id 0xc0000005, EXCEPTION_ACCESS_VIOLATION (0xc0000005) at pc=0x00007ffd21ee0db9]

GC Heap History (0 events):
No events

Dll operation events (1 events):
Event: 0.018 Loaded shared library C:\Users\Dell\.p2\pool\plugins\org.eclipse.justj.openjdk.hotspot.jre.full.win32.x86_64_17.0.7.v20230425-1502\jre\bin\java.dll

Deoptimization events (0 events):
No events

Classes unloaded (0 events):
No events

Classes redefined (0 events):
No events

Internal exceptions (0 events):
No events

VM Operations (0 events):
No events

Events (0 events):
No events


Dynamic libraries:
0x00007ff6daa50000 - 0x00007ff6daa5e000 	C:\Users\Dell\.p2\pool\plugins\org.eclipse.justj.openjdk.hotspot.jre.full.win32.x86_64_17.0.7.v20230425-1502\jre\bin\javaw.exe
0x00007ffd9edb0000 - 0x00007ffd9efc7000 	C:\WINDOWS\SYSTEM32\ntdll.dll
0x00007ffd9cd70000 - 0x00007ffd9ce34000 	C:\WINDOWS\System32\KERNEL32.DLL
0x00007ffd9c130000 - 0x00007ffd9c4d5000 	C:\WINDOWS\System32\KERNELBASE.dll
0x00007ffd9c5d0000 - 0x00007ffd9c6e1000 	C:\WINDOWS\System32\ucrtbase.dll
0x00007ffd91810000 - 0x00007ffd91827000 	C:\Users\Dell\.p2\pool\plugins\org.eclipse.justj.openjdk.hotspot.jre.full.win32.x86_64_17.0.7.v20230425-1502\jre\bin\jli.dll
0x00007ffd91680000 - 0x00007ffd91699000 	C:\Users\Dell\.p2\pool\plugins\org.eclipse.justj.openjdk.hotspot.jre.full.win32.x86_64_17.0.7.v20230425-1502\jre\bin\VCRUNTIME140.dll
0x00007ffd9e900000 - 0x00007ffd9eaae000 	C:\WINDOWS\System32\USER32.dll
0x00007ffd9c4e0000 - 0x00007ffd9c506000 	C:\WINDOWS\System32\win32u.dll
0x00007ffd9ed40000 - 0x00007ffd9ed69000 	C:\WINDOWS\System32\GDI32.dll
0x00007ffd9c9f0000 - 0x00007ffd9cb08000 	C:\WINDOWS\System32\gdi32full.dll
0x00007ffd9c950000 - 0x00007ffd9c9ea000 	C:\WINDOWS\System32\msvcp_win.dll
0x00007ffd6d720000 - 0x00007ffd6d9b3000 	C:\WINDOWS\WinSxS\amd64_microsoft.windows.common-controls_6595b64144ccf1df_6.0.22621.2191_none_2715cffb738043a6\COMCTL32.dll
0x00007ffd9dff0000 - 0x00007ffd9e097000 	C:\WINDOWS\System32\msvcrt.dll
0x00007ffd9dee0000 - 0x00007ffd9df11000 	C:\WINDOWS\System32\IMM32.DLL
0x00007ffd919a0000 - 0x00007ffd919ac000 	C:\Users\Dell\.p2\pool\plugins\org.eclipse.justj.openjdk.hotspot.jre.full.win32.x86_64_17.0.7.v20230425-1502\jre\bin\vcruntime140_1.dll
0x00007ffd71470000 - 0x00007ffd71501000 	C:\Users\Dell\.p2\pool\plugins\org.eclipse.justj.openjdk.hotspot.jre.full.win32.x86_64_17.0.7.v20230425-1502\jre\bin\msvcp140.dll
0x00007ffd21810000 - 0x00007ffd22458000 	C:\Users\Dell\.p2\pool\plugins\org.eclipse.justj.openjdk.hotspot.jre.full.win32.x86_64_17.0.7.v20230425-1502\jre\bin\server\jvm.dll
0x00007ffd9d4f0000 - 0x00007ffd9d5a0000 	C:\WINDOWS\System32\ADVAPI32.dll
0x00007ffd9d760000 - 0x00007ffd9d806000 	C:\WINDOWS\System32\sechost.dll
0x00007ffd9d340000 - 0x00007ffd9d457000 	C:\WINDOWS\System32\RPCRT4.dll
0x00007ffd8a920000 - 0x00007ffd8a929000 	C:\WINDOWS\SYSTEM32\WSOCK32.dll
0x00007ffd92430000 - 0x00007ffd9243a000 	C:\WINDOWS\SYSTEM32\VERSION.dll
0x00007ffd96160000 - 0x00007ffd96194000 	C:\WINDOWS\SYSTEM32\WINMM.dll
0x00007ffd9df70000 - 0x00007ffd9dfe1000 	C:\WINDOWS\System32\WS2_32.dll
0x00007ffd9b200000 - 0x00007ffd9b218000 	C:\WINDOWS\SYSTEM32\kernel.appcore.dll
0x00007ffd91930000 - 0x00007ffd9193a000 	C:\Users\Dell\.p2\pool\plugins\org.eclipse.justj.openjdk.hotspot.jre.full.win32.x86_64_17.0.7.v20230425-1502\jre\bin\jimage.dll
0x00007ffd99b80000 - 0x00007ffd99dae000 	C:\WINDOWS\SYSTEM32\DBGHELP.DLL
0x00007ffd9ce40000 - 0x00007ffd9d1ca000 	C:\WINDOWS\System32\combase.dll
0x00007ffd9cb90000 - 0x00007ffd9cc67000 	C:\WINDOWS\System32\OLEAUT32.dll
0x00007ffd92130000 - 0x00007ffd92162000 	C:\WINDOWS\SYSTEM32\dbgcore.DLL
0x00007ffd9c8d0000 - 0x00007ffd9c94a000 	C:\WINDOWS\System32\bcryptPrimitives.dll
0x00007ffd63a70000 - 0x00007ffd63a95000 	C:\Users\Dell\.p2\pool\plugins\org.eclipse.justj.openjdk.hotspot.jre.full.win32.x86_64_17.0.7.v20230425-1502\jre\bin\java.dll

dbghelp: loaded successfully - version: 4.0.5 - missing functions: none
symbol engine: initialized successfully - sym options: 0x614 - pdb path: .;C:\Users\Dell\.p2\pool\plugins\org.eclipse.justj.openjdk.hotspot.jre.full.win32.x86_64_17.0.7.v20230425-1502\jre\bin;C:\WINDOWS\SYSTEM32;C:\WINDOWS\WinSxS\amd64_microsoft.windows.common-controls_6595b64144ccf1df_6.0.22621.2191_none_2715cffb738043a6;C:\Users\Dell\.p2\pool\plugins\org.eclipse.justj.openjdk.hotspot.jre.full.win32.x86_64_17.0.7.v20230425-1502\jre\bin\server

VM Arguments:
jvm_args: -Dfile.encoding=UTF-8 -XX:+ShowCodeDetailsInExceptionMessages 
java_command: aula03.DoWhile
java_class_path (initial): C:\Users\Dell\Programação\Módulo I - 16.09.23 - SAB MANHÃ\PrimeiroProjeto\bin
Launcher Type: SUN_STANDARD

[Global flags]
     intx CICompilerCount                          = 4                                         {product} {ergonomic}
     uint ConcGCThreads                            = 2                                         {product} {ergonomic}
     uint G1ConcRefinementThreads                  = 8                                         {product} {ergonomic}
   size_t G1HeapRegionSize                         = 1048576                                   {product} {ergonomic}
    uintx GCDrainStackTargetSize                   = 64                                        {product} {ergonomic}
   size_t InitialHeapSize                          = 134217728                                 {product} {ergonomic}
   size_t MarkStackSize                            = 4194304                                   {product} {ergonomic}
   size_t MaxHeapSize                              = 2116026368                                {product} {ergonomic}
   size_t MinHeapDeltaBytes                        = 1048576                                   {product} {ergonomic}
   size_t MinHeapSize                              = 8388608                                   {product} {ergonomic}
    uintx NonNMethodCodeHeapSize                   = 5839372                                {pd product} {ergonomic}
    uintx NonProfiledCodeHeapSize                  = 122909434                              {pd product} {ergonomic}
    uintx ProfiledCodeHeapSize                     = 122909434                              {pd product} {ergonomic}
    uintx ReservedCodeCacheSize                    = 251658240                              {pd product} {ergonomic}
     bool SegmentedCodeCache                       = true                                      {product} {ergonomic}
     bool ShowCodeDetailsInExceptionMessages       = true                                   {manageable} {command line}
   size_t SoftMaxHeapSize                          = 2116026368                             {manageable} {ergonomic}
     bool UseCompressedClassPointers               = true                           {product lp64_product} {ergonomic}
     bool UseCompressedOops                        = true                           {product lp64_product} {ergonomic}
     bool UseG1GC                                  = true                                      {product} {ergonomic}
     bool UseLargePagesIndividualAllocation        = false                                  {pd product} {ergonomic}

Logging:
Log output configuration:
 #0: stdout all=warning uptime,level,tags
 #1: stderr all=off uptime,level,tags

Environment Variables:
PATH=C:/Users/Dell/.p2/pool/plugins/org.eclipse.justj.openjdk.hotspot.jre.full.win32.x86_64_17.0.7.v20230425-1502/jre/bin/server;C:/Users/Dell/.p2/pool/plugins/org.eclipse.justj.openjdk.hotspot.jre.full.win32.x86_64_17.0.7.v20230425-1502/jre/bin;C:\Program Files\Common Files\Oracle\Java\javapath;C:\WINDOWS\system32;C:\WINDOWS;C:\WINDOWS\System32\Wbem;C:\WINDOWS\System32\WindowsPowerShell\v1.0\;C:\WINDOWS\System32\OpenSSH\;C:\Program Files\dotnet\;C:\ProgramData\chocolatey\bin;C:\Program Files\nodejs\;C:\Program Files\apache-maven-3.9.4-bin\apache-maven-3.9.4\bin;C:\Users\Dell\AppData\Local\Microsoft\WindowsApps;C:\Programas\nodejs\node.exe;C:\Users\Dell\AppData\Roaming\npm;C:\Users\Dell\AppData\Local\Programs\Microsoft VS Code\bin;C:\Users\Dell\Desktop;
USERNAME=Dell
OS=Windows_NT
PROCESSOR_IDENTIFIER=Intel64 Family 6 Model 142 Stepping 11, GenuineIntel
TMP=C:\Users\Dell\AppData\Local\Temp
TEMP=C:\Users\Dell\AppData\Local\Temp



---------------  S Y S T E M  ---------------

OS:
 Windows 11 , 64 bit Build 22621 (10.0.22621.2199)
OS uptime: 27 days 15:55 hours

CPU: total 8 (initial active 8) (4 cores per cpu, 2 threads per core) family 6 model 142 stepping 11 microcode 0xf4, cx8, cmov, fxsr, ht, mmx, 3dnowpref, sse, sse2, sse3, ssse3, sse4.1, sse4.2, popcnt, lzcnt, tsc, tscinvbit, avx, avx2, aes, erms, clmul, bmi1, bmi2, adx, fma, vzeroupper, clflush, clflushopt

Memory: 4k page, system-wide physical 8067M (419M free)
TotalPageFile size 23208M (AvailPageFile size 54M)
current process WorkingSet (physical memory assigned to process): 11M, peak: 11M
current process commit charge ("private bytes"): 60M, peak: 188M

vm_info: OpenJDK 64-Bit Server VM (17.0.7+7) for windows-amd64 JRE (17.0.7+7), built on Apr 18 2023 22:10:42 by "temurin" with MS VC++ 16.7 (VS2019)

END.
